c:\users\arialblak\desktop\proyectossdl\holasdl\debug\vc142.pdb
c:\users\arialblak\desktop\proyectossdl\holasdl\debug\vc142.idb
c:\users\arialblak\desktop\proyectossdl\holasdl\debug\vector2d.obj
c:\users\arialblak\desktop\proyectossdl\holasdl\debug\texture.obj
c:\users\arialblak\desktop\proyectossdl\holasdl\debug\smartghost.obj
c:\users\arialblak\desktop\proyectossdl\holasdl\debug\pacman.obj
c:\users\arialblak\desktop\proyectossdl\holasdl\debug\mapcell.obj
c:\users\arialblak\desktop\proyectossdl\holasdl\debug\main.obj
c:\users\arialblak\desktop\proyectossdl\holasdl\debug\ghost.obj
c:\users\arialblak\desktop\proyectossdl\holasdl\debug\gameobject.obj
c:\users\arialblak\desktop\proyectossdl\holasdl\debug\gamemap.obj
c:\users\arialblak\desktop\proyectossdl\holasdl\debug\gamecharacter.obj
c:\users\arialblak\desktop\proyectossdl\holasdl\debug\game.obj
c:\users\arialblak\desktop\proyectossdl\holasdl\debug\pacmanerror.obj
c:\users\arialblak\desktop\proyectossdl\holasdl\debug\filenotfound.obj
c:\users\arialblak\desktop\proyectossdl\holasdl\debug\fileformaterror.obj
c:\users\arialblak\desktop\proyectossdl\holasdl\debug\sdlerror.obj
c:\users\arialblak\desktop\proyectossdl\bin\holasdldebug.exe
c:\users\arialblak\desktop\proyectossdl\bin\holasdldebug.ilk
c:\users\arialblak\desktop\proyectossdl\bin\holasdldebug.pdb
c:\users\arialblak\desktop\proyectossdl\holasdl\debug\gamemap.obj.enc
c:\users\arialblak\desktop\proyectossdl\holasdl\debug\holasdl.tlog\cl.command.1.tlog
c:\users\arialblak\desktop\proyectossdl\holasdl\debug\holasdl.tlog\cl.read.1.tlog
c:\users\arialblak\desktop\proyectossdl\holasdl\debug\holasdl.tlog\cl.write.1.tlog
c:\users\arialblak\desktop\proyectossdl\holasdl\debug\holasdl.tlog\link.command.1.tlog
c:\users\arialblak\desktop\proyectossdl\holasdl\debug\holasdl.tlog\link.read.1.tlog
c:\users\arialblak\desktop\proyectossdl\holasdl\debug\holasdl.tlog\link.write.1.tlog
