  EventHandler.cpp
  Game.cpp
C:\Users\javie\Documents\UNI\TPV1\Practica3-TPV1\HolaSDL\Game.h(47,40): error C2079: 'Game::textures' utiliza class 'std::array<Texture *,4>' sin definir
C:\Users\javie\Documents\UNI\TPV1\Practica3-TPV1\HolaSDL\Game.cpp(18,13): error C2109: el subíndice requiere una matriz o tipo de puntero
C:\Users\javie\Documents\UNI\TPV1\Practica3-TPV1\HolaSDL\Game.cpp(20,6): error C2109: el subíndice requiere una matriz o tipo de puntero
C:\Users\javie\Documents\UNI\TPV1\Practica3-TPV1\HolaSDL\Game.cpp(34,3): error C3861: 'loadLevelFile': no se encontró el identificador
C:\Users\javie\Documents\UNI\TPV1\Practica3-TPV1\HolaSDL\Game.cpp(35,3): error C3861: 'DirGhost': no se encontró el identificador
C:\Users\javie\Documents\UNI\TPV1\Practica3-TPV1\HolaSDL\Game.cpp(44,3): error C3861: 'loadSavedGame': no se encontró el identificador
C:\Users\javie\Documents\UNI\TPV1\Practica3-TPV1\HolaSDL\Game.cpp(45,3): error C3861: 'DirGhost': no se encontró el identificador
C:\Users\javie\Documents\UNI\TPV1\Practica3-TPV1\HolaSDL\Game.cpp(61,3): error C3861: 'saveGame': no se encontró el identificador
C:\Users\javie\Documents\UNI\TPV1\Practica3-TPV1\HolaSDL\Game.cpp(67,30): error C2672: 'begin': no se encontró una función sobrecargada que coincida
C:\Users\javie\Documents\UNI\TPV1\Practica3-TPV1\HolaSDL\Game.cpp(67,30): error C2893: No se pudo especializar la plantilla de función "unknown-type std::begin(_Container &)"
C:\Program Files (x86)\Microsoft Visual Studio\2019\Community\VC\Tools\MSVC\14.23.28105\include\xutility(1041): message : vea la declaración de 'std::begin'
C:\Users\javie\Documents\UNI\TPV1\Practica3-TPV1\HolaSDL\Game.cpp(67,30): message : Con los siguientes argumentos de plantilla:
C:\Users\javie\Documents\UNI\TPV1\Practica3-TPV1\HolaSDL\Game.cpp(67,30): message : '_Container=int'
C:\Users\javie\Documents\UNI\TPV1\Practica3-TPV1\HolaSDL\Game.cpp(67,30): error C2784: 'const _Elem *std::begin(std::initializer_list<_Elem>) noexcept': no se pudo deducir el argumento de plantilla para 'std::initializer_list<_Elem>' desde 'int'
C:\Program Files (x86)\Microsoft Visual Studio\2019\Community\VC\Tools\MSVC\14.23.28105\include\initializer_list(53): message : vea la declaración de 'std::begin'
C:\Users\javie\Documents\UNI\TPV1\Practica3-TPV1\HolaSDL\Game.cpp(67,30): error C2672: 'end': no se encontró una función sobrecargada que coincida
C:\Users\javie\Documents\UNI\TPV1\Practica3-TPV1\HolaSDL\Game.cpp(67,30): error C2893: No se pudo especializar la plantilla de función "unknown-type std::end(_Container &)"
C:\Program Files (x86)\Microsoft Visual Studio\2019\Community\VC\Tools\MSVC\14.23.28105\include\xutility(1051): message : vea la declaración de 'std::end'
C:\Users\javie\Documents\UNI\TPV1\Practica3-TPV1\HolaSDL\Game.cpp(67,30): message : Con los siguientes argumentos de plantilla:
C:\Users\javie\Documents\UNI\TPV1\Practica3-TPV1\HolaSDL\Game.cpp(67,30): message : '_Container=int'
C:\Users\javie\Documents\UNI\TPV1\Practica3-TPV1\HolaSDL\Game.cpp(67,30): error C2784: 'const _Elem *std::end(std::initializer_list<_Elem>) noexcept': no se pudo deducir el argumento de plantilla para 'std::initializer_list<_Elem>' desde 'int'
C:\Program Files (x86)\Microsoft Visual Studio\2019\Community\VC\Tools\MSVC\14.23.28105\include\initializer_list(59): message : vea la declaración de 'std::end'
C:\Users\javie\Documents\UNI\TPV1\Practica3-TPV1\HolaSDL\Game.cpp(67,30): error C3536: '<begin>$L0': no se puede usar antes de inicializarse
C:\Users\javie\Documents\UNI\TPV1\Practica3-TPV1\HolaSDL\Game.cpp(67,30): error C3536: '<end>$L0': no se puede usar antes de inicializarse
C:\Users\javie\Documents\UNI\TPV1\Practica3-TPV1\HolaSDL\Game.cpp(67,30): error C2100: direccionamiento indirecto no válido
C:\Users\javie\Documents\UNI\TPV1\Practica3-TPV1\HolaSDL\Game.cpp(67,30): error C2440: 'inicializando': no se puede realizar la conversión de 'int' a 'Texture *'
C:\Users\javie\Documents\UNI\TPV1\Practica3-TPV1\HolaSDL\Game.cpp(67,30): message : La conversión de un tipo entero a un tipo de puntero requiere reinterpret_cast, conversión de estilo de C o conversión de estilo de función
C:\Users\javie\Documents\UNI\TPV1\Practica3-TPV1\HolaSDL\Game.cpp(82,9): error C2065: 'level': identificador no declarado
C:\Users\javie\Documents\UNI\TPV1\Practica3-TPV1\HolaSDL\Game.cpp(82,18): error C2065: 'Playing': identificador no declarado
C:\Users\javie\Documents\UNI\TPV1\Practica3-TPV1\HolaSDL\Game.cpp(82,29): error C2065: 'level': identificador no declarado
C:\Users\javie\Documents\UNI\TPV1\Practica3-TPV1\HolaSDL\Game.cpp(82,38): error C2065: 'LevelPassed': identificador no declarado
C:\Users\javie\Documents\UNI\TPV1\Practica3-TPV1\HolaSDL\Game.cpp(83,3): error C2065: 'playState': identificador no declarado
C:\Users\javie\Documents\UNI\TPV1\Practica3-TPV1\HolaSDL\Game.cpp(86,34): error C2065: 'level': identificador no declarado
C:\Users\javie\Documents\UNI\TPV1\Practica3-TPV1\HolaSDL\Game.cpp(86,43): error C2065: 'GameOver': identificador no declarado
C:\Users\javie\Documents\UNI\TPV1\Practica3-TPV1\HolaSDL\Game.cpp(87,4): error C2065: 'playState': identificador no declarado
C:\Users\javie\Documents\UNI\TPV1\Practica3-TPV1\HolaSDL\Game.cpp(99,2): error C2065: 'playState': identificador no declarado
  GameCharacter.cpp
C:\Users\javie\Documents\UNI\TPV1\Practica3-TPV1\HolaSDL\Game.cpp(108,22): error C2677: '[' binario: no se encontró un operador global que adopte el tipo 'TextureName' (o bien no existe una conversión aceptable)
  GameMap.cpp
C:\Users\javie\Documents\UNI\TPV1\Practica3-TPV1\HolaSDL\Game.h(47,40): error C2079: 'Game::textures' utiliza class 'std::array<Texture *,4>' sin definir
C:\Users\javie\Documents\UNI\TPV1\Practica3-TPV1\HolaSDL\GameMap.cpp(29,51): error C2039: 'SDLPointToMapCoords': no es un miembro de 'Game'
C:\Users\javie\Documents\UNI\TPV1\Practica3-TPV1\HolaSDL\Game.h(39): message : vea la declaración de 'Game'
C:\Users\javie\Documents\UNI\TPV1\Practica3-TPV1\HolaSDL\GameMap.cpp(31,55): error C2039: 'SDLPointToMapCoords': no es un miembro de 'Game'
C:\Users\javie\Documents\UNI\TPV1\Practica3-TPV1\HolaSDL\Game.h(39): message : vea la declaración de 'Game'
C:\Users\javie\Documents\UNI\TPV1\Practica3-TPV1\HolaSDL\GameMap.cpp(31,93): error C2039: 'getCellWidth': no es un miembro de 'Game'
C:\Users\javie\Documents\UNI\TPV1\Practica3-TPV1\HolaSDL\Game.h(39): message : vea la declaración de 'Game'
C:\Users\javie\Documents\UNI\TPV1\Practica3-TPV1\HolaSDL\GameMap.cpp(31,129): error C2039: 'getCellHeight': no es un miembro de 'Game'
C:\Users\javie\Documents\UNI\TPV1\Practica3-TPV1\HolaSDL\Game.h(39): message : vea la declaración de 'Game'
C:\Users\javie\Documents\UNI\TPV1\Practica3-TPV1\HolaSDL\GameMap.cpp(51,36): error C2039: 'getCellWidth': no es un miembro de 'Game'
C:\Users\javie\Documents\UNI\TPV1\Practica3-TPV1\HolaSDL\Game.h(39): message : vea la declaración de 'Game'
C:\Users\javie\Documents\UNI\TPV1\Practica3-TPV1\HolaSDL\GameMap.cpp(52,38): error C2039: 'getCellHeight': no es un miembro de 'Game'
  GameObject.cpp
C:\Users\javie\Documents\UNI\TPV1\Practica3-TPV1\HolaSDL\Game.h(39): message : vea la declaración de 'Game'
  GameState.cpp
C:\Users\javie\Documents\UNI\TPV1\Practica3-TPV1\HolaSDL\Game.h(47,40): error C2079: 'Game::textures' utiliza class 'std::array<Texture *,4>' sin definir
  GameStateMachine.cpp
  Ghost.cpp
C:\Users\javie\Documents\UNI\TPV1\Practica3-TPV1\HolaSDL\Game.h(47,40): error C2079: 'Game::textures' utiliza class 'std::array<Texture *,4>' sin definir
C:\Users\javie\Documents\UNI\TPV1\Practica3-TPV1\HolaSDL\Ghost.cpp(47,20): warning C4018: '<': no coinciden signed/unsigned
C:\Users\javie\Documents\UNI\TPV1\Practica3-TPV1\HolaSDL\Ghost.cpp(49,6): error C2039: 'TryMove': no es un miembro de 'Game'
C:\Users\javie\Documents\UNI\TPV1\Practica3-TPV1\HolaSDL\Game.h(39): message : vea la declaración de 'Game'
C:\Users\javie\Documents\UNI\TPV1\Practica3-TPV1\HolaSDL\Ghost.cpp(59,21): warning C4018: '>': no coinciden signed/unsigned
C:\Users\javie\Documents\UNI\TPV1\Practica3-TPV1\HolaSDL\Ghost.cpp(64,21): warning C4018: '<': no coinciden signed/unsigned
C:\Users\javie\Documents\UNI\TPV1\Practica3-TPV1\HolaSDL\Ghost.cpp(70,7): error C2039: 'TryMove': no es un miembro de 'Game'
C:\Users\javie\Documents\UNI\TPV1\Practica3-TPV1\HolaSDL\Game.h(39): message : vea la declaración de 'Game'
C:\Users\javie\Documents\UNI\TPV1\Practica3-TPV1\HolaSDL\Ghost.cpp(90,4): error C2039: 'TryMove': no es un miembro de 'Game'
  main.cpp
C:\Users\javie\Documents\UNI\TPV1\Practica3-TPV1\HolaSDL\Game.h(39): message : vea la declaración de 'Game'
C:\Program Files (x86)\Windows Kits\10\Include\10.0.18362.0\ucrt\crtdbg.h(303,1): warning C4005: '_malloca': redefinición de macro
C:\Program Files (x86)\Windows Kits\10\Include\10.0.18362.0\ucrt\malloc.h(122): message : vea la definición anterior de '_malloca'
  MainMenuState.cpp
C:\Users\javie\Documents\UNI\TPV1\Practica3-TPV1\HolaSDL\Game.h(47,40): error C2079: 'Game::textures' utiliza class 'std::array<Texture *,4>' sin definir
C:\Users\javie\Documents\UNI\TPV1\Practica3-TPV1\HolaSDL\Game.h(47,40): error C2079: 'Game::textures' utiliza class 'std::array<Texture *,4>' sin definir
C:\Users\javie\Documents\UNI\TPV1\Practica3-TPV1\HolaSDL\MainMenuState.cpp(14,53): error C2664: 'void GameStateMachine::changeState(GameState *)': el argumento 1 no puede convertirse de 'PlayState *' a 'GameState *'
C:\Users\javie\Documents\UNI\TPV1\Practica3-TPV1\HolaSDL\MainMenuState.cpp(14,51): message : Los tipos señalados no están relacionados; la conversión requiere reinterpret_cast, conversión de estilo de C o conversión de estilo de función
C:\Users\javie\Documents\UNI\TPV1\Practica3-TPV1\HolaSDL\GameStateMachine.h(19,7): message : vea la declaración de 'GameStateMachine::changeState'
C:\Users\javie\Documents\UNI\TPV1\Practica3-TPV1\HolaSDL\MainMenuState.cpp(23,53): error C2664: 'void GameStateMachine::changeState(GameState *)': el argumento 1 no puede convertirse de 'PlayState *' a 'GameState *'
C:\Users\javie\Documents\UNI\TPV1\Practica3-TPV1\HolaSDL\MainMenuState.cpp(23,51): message : Los tipos señalados no están relacionados; la conversión requiere reinterpret_cast, conversión de estilo de C o conversión de estilo de función
C:\Users\javie\Documents\UNI\TPV1\Practica3-TPV1\HolaSDL\GameStateMachine.h(19,7): message : vea la declaración de 'GameStateMachine::changeState'
C:\Users\javie\Documents\UNI\TPV1\Practica3-TPV1\HolaSDL\MainMenuState.cpp(24,20): error C2039: 'loadSavedGame': no es un miembro de 'Game'
  MenuButton.cpp
  PacMan.cpp
C:\Users\javie\Documents\UNI\TPV1\Practica3-TPV1\HolaSDL\SmartGhost.h(5): message : vea la declaración de 'Game'
C:\Users\javie\Documents\UNI\TPV1\Practica3-TPV1\HolaSDL\Game.h(47,40): error C2079: 'Game::textures' utiliza class 'std::array<Texture *,4>' sin definir
C:\Users\javie\Documents\UNI\TPV1\Practica3-TPV1\HolaSDL\PacMan.cpp(52,18): error C2039: 'checkGhost': no es un miembro de 'Game'
C:\Users\javie\Documents\UNI\TPV1\Practica3-TPV1\HolaSDL\Game.h(39): message : vea la declaración de 'Game'
C:\Users\javie\Documents\UNI\TPV1\Practica3-TPV1\HolaSDL\PacMan.cpp(55,5): error C2039: 'TryMove': no es un miembro de 'Game'
C:\Users\javie\Documents\UNI\TPV1\Practica3-TPV1\HolaSDL\Game.h(39): message : vea la declaración de 'Game'
C:\Users\javie\Documents\UNI\TPV1\Practica3-TPV1\HolaSDL\PacMan.cpp(61,10): error C2039: 'TryMove': no es un miembro de 'Game'
C:\Users\javie\Documents\UNI\TPV1\Practica3-TPV1\HolaSDL\Game.h(39): message : vea la declaración de 'Game'
C:\Users\javie\Documents\UNI\TPV1\Practica3-TPV1\HolaSDL\PacMan.cpp(64,9): error C2039: 'CheckCell': no es un miembro de 'Game'
C:\Users\javie\Documents\UNI\TPV1\Practica3-TPV1\HolaSDL\Game.h(39): message : vea la declaración de 'Game'
C:\Users\javie\Documents\UNI\TPV1\Practica3-TPV1\HolaSDL\PacMan.cpp(65,9): error C2065: 'Food': identificador no declarado
C:\Users\javie\Documents\UNI\TPV1\Practica3-TPV1\HolaSDL\PacMan.cpp(66,20): error C2039: 'MinusFood': no es un miembro de 'Game'
C:\Users\javie\Documents\UNI\TPV1\Practica3-TPV1\HolaSDL\Game.h(39): message : vea la declaración de 'Game'
C:\Users\javie\Documents\UNI\TPV1\Practica3-TPV1\HolaSDL\PacMan.cpp(66,46): error C2039: 'SDLPointToMapCoords': no es un miembro de 'Game'
C:\Users\javie\Documents\UNI\TPV1\Practica3-TPV1\HolaSDL\Game.h(39): message : vea la declaración de 'Game'
C:\Users\javie\Documents\UNI\TPV1\Practica3-TPV1\HolaSDL\PacMan.cpp(69,9): error C2065: 'Vitamins': identificador no declarado
C:\Users\javie\Documents\UNI\TPV1\Practica3-TPV1\HolaSDL\PacMan.cpp(71,18): error C2039: 'MinusFood': no es un miembro de 'Game'
C:\Users\javie\Documents\UNI\TPV1\Practica3-TPV1\HolaSDL\Game.h(39): message : vea la declaración de 'Game'
C:\Users\javie\Documents\UNI\TPV1\Practica3-TPV1\HolaSDL\PacMan.cpp(71,44): error C2039: 'SDLPointToMapCoords': no es un miembro de 'Game'
C:\Users\javie\Documents\UNI\TPV1\Practica3-TPV1\HolaSDL\Game.h(39): message : vea la declaración de 'Game'
C:\Users\javie\Documents\UNI\TPV1\Practica3-TPV1\HolaSDL\PacMan.cpp(76,18): error C2039: 'checkGhost': no es un miembro de 'Game'
  PauseState.cpp
C:\Users\javie\Documents\UNI\TPV1\Practica3-TPV1\HolaSDL\Game.h(39): message : vea la declaración de 'Game'
C:\Users\javie\Documents\UNI\TPV1\Practica3-TPV1\HolaSDL\Game.h(47,40): error C2079: 'Game::textures' utiliza class 'std::array<Texture *,4>' sin definir
  PlayState.cpp
C:\Users\javie\Documents\UNI\TPV1\Practica3-TPV1\HolaSDL\PauseState.cpp(22,56): error C2065: 'texture': identificador no declarado
C:\Users\javie\Documents\UNI\TPV1\Practica3-TPV1\HolaSDL\PlayState.cpp(33,14): error C2065: 'WIN_WIDTH': identificador no declarado
C:\Users\javie\Documents\UNI\TPV1\Practica3-TPV1\HolaSDL\PlayState.cpp(34,15): error C2065: 'WIN_HEIGHT': identificador no declarado
C:\Users\javie\Documents\UNI\TPV1\Practica3-TPV1\HolaSDL\PlayState.cpp(35,32): error C2065: 'textures': identificador no declarado
C:\Users\javie\Documents\UNI\TPV1\Practica3-TPV1\HolaSDL\PlayState.cpp(35,41): error C2065: 'WallText': identificador no declarado
C:\Users\javie\Documents\UNI\TPV1\Practica3-TPV1\HolaSDL\PlayState.cpp(35,52): error C2065: 'textures': identificador no declarado
C:\Users\javie\Documents\UNI\TPV1\Practica3-TPV1\HolaSDL\PlayState.cpp(35,61): error C2065: 'FoodText': identificador no declarado
C:\Users\javie\Documents\UNI\TPV1\Practica3-TPV1\HolaSDL\PlayState.cpp(35,72): error C2065: 'textures': identificador no declarado
C:\Users\javie\Documents\UNI\TPV1\Practica3-TPV1\HolaSDL\PlayState.cpp(35,81): error C2065: 'BurguerText': identificador no declarado
C:\Users\javie\Documents\UNI\TPV1\Practica3-TPV1\HolaSDL\PlayState.cpp(35,152): error C2661: 'GameMap::GameMap': ninguna función sobrecargada acepta 6 argumentos
C:\Users\javie\Documents\UNI\TPV1\Practica3-TPV1\HolaSDL\PlayState.cpp(46,15): error C2248: 'GameMap::cells': no se puede obtener acceso al miembro private miembro declarado en la clase 'GameMap'
C:\Users\javie\Documents\UNI\TPV1\Practica3-TPV1\HolaSDL\GameMap.h(16): message : vea la declaración de 'GameMap::cells'
C:\Users\javie\Documents\UNI\TPV1\Practica3-TPV1\HolaSDL\GameMap.h(9): message : vea la declaración de 'GameMap'
C:\Users\javie\Documents\UNI\TPV1\Practica3-TPV1\HolaSDL\PlayState.cpp(49,133): error C2664: 'SmartGhost::SmartGhost(const SmartGhost &)': el argumento 4 no puede convertirse de 'PlayState *' a 'Game *'
C:\Users\javie\Documents\UNI\TPV1\Practica3-TPV1\HolaSDL\PlayState.cpp(49,96): message : Los tipos señalados no están relacionados; la conversión requiere reinterpret_cast, conversión de estilo de C o conversión de estilo de función
C:\Users\javie\Documents\UNI\TPV1\Practica3-TPV1\HolaSDL\SmartGhost.h(22,2): message : vea la declaración de 'SmartGhost::SmartGhost'
C:\Users\javie\Documents\UNI\TPV1\Practica3-TPV1\HolaSDL\PlayState.cpp(53,123): error C2664: 'PacMan::PacMan(const PacMan &)': el argumento 4 no puede convertirse de 'PlayState *' a 'Game *'
C:\Users\javie\Documents\UNI\TPV1\Practica3-TPV1\HolaSDL\PlayState.cpp(53,85): message : Los tipos señalados no están relacionados; la conversión requiere reinterpret_cast, conversión de estilo de C o conversión de estilo de función
C:\Users\javie\Documents\UNI\TPV1\Practica3-TPV1\HolaSDL\PacMan.h(25,2): message : vea la declaración de 'PacMan::PacMan'
C:\Users\javie\Documents\UNI\TPV1\Practica3-TPV1\HolaSDL\PlayState.cpp(58,131): error C2664: 'Ghost::Ghost(const Ghost &)': el argumento 4 no puede convertirse de 'PlayState *' a 'Game *'
C:\Users\javie\Documents\UNI\TPV1\Practica3-TPV1\HolaSDL\PlayState.cpp(58,86): message : Los tipos señalados no están relacionados; la conversión requiere reinterpret_cast, conversión de estilo de C o conversión de estilo de función
C:\Users\javie\Documents\UNI\TPV1\Practica3-TPV1\HolaSDL\Ghost.h(32,2): message : vea la declaración de 'Ghost::Ghost'
C:\Users\javie\Documents\UNI\TPV1\Practica3-TPV1\HolaSDL\PlayState.cpp(86,36): error C2664: 'PacMan::PacMan(const PacMan &)': el argumento 2 no puede convertirse de 'PlayState *' a 'Game *'
C:\Users\javie\Documents\UNI\TPV1\Practica3-TPV1\HolaSDL\PlayState.cpp(86,31): message : Los tipos señalados no están relacionados; la conversión requiere reinterpret_cast, conversión de estilo de C o conversión de estilo de función
C:\Users\javie\Documents\UNI\TPV1\Practica3-TPV1\HolaSDL\PacMan.h(26,2): message : vea la declaración de 'PacMan::PacMan'
C:\Users\javie\Documents\UNI\TPV1\Practica3-TPV1\HolaSDL\PlayState.cpp(92,37): error C2664: 'Ghost::Ghost(const Ghost &)': el argumento 2 no puede convertirse de 'PlayState *' a 'Game *'
C:\Users\javie\Documents\UNI\TPV1\Practica3-TPV1\HolaSDL\PlayState.cpp(92,32): message : Los tipos señalados no están relacionados; la conversión requiere reinterpret_cast, conversión de estilo de C o conversión de estilo de función
C:\Users\javie\Documents\UNI\TPV1\Practica3-TPV1\HolaSDL\Ghost.h(33,2): message : vea la declaración de 'Ghost::Ghost'
C:\Users\javie\Documents\UNI\TPV1\Practica3-TPV1\HolaSDL\PlayState.cpp(102,47): error C2664: 'SmartGhost::SmartGhost(const SmartGhost &)': el argumento 2 no puede convertirse de 'PlayState *' a 'Game *'
C:\Users\javie\Documents\UNI\TPV1\Practica3-TPV1\HolaSDL\PlayState.cpp(102,42): message : Los tipos señalados no están relacionados; la conversión requiere reinterpret_cast, conversión de estilo de C o conversión de estilo de función
C:\Users\javie\Documents\UNI\TPV1\Practica3-TPV1\HolaSDL\SmartGhost.h(23,2): message : vea la declaración de 'SmartGhost::SmartGhost'
C:\Users\javie\Documents\UNI\TPV1\Practica3-TPV1\HolaSDL\PlayState.cpp(116,3): error C3861: 'MenuInicial': no se encontró el identificador
C:\Users\javie\Documents\UNI\TPV1\Practica3-TPV1\HolaSDL\PlayState.cpp(188,3): error C3861: 'MenuGuardar': no se encontró el identificador
C:\Users\javie\Documents\UNI\TPV1\Practica3-TPV1\HolaSDL\PlayState.cpp(243,20): error C2248: 'GameMap::cells': no se puede obtener acceso al miembro private miembro declarado en la clase 'GameMap'
C:\Users\javie\Documents\UNI\TPV1\Practica3-TPV1\HolaSDL\GameMap.h(16): message : vea la declaración de 'GameMap::cells'
C:\Users\javie\Documents\UNI\TPV1\Practica3-TPV1\HolaSDL\GameMap.h(9): message : vea la declaración de 'GameMap'
C:\Users\javie\Documents\UNI\TPV1\Practica3-TPV1\HolaSDL\PlayState.cpp(253,20): error C2248: 'GameMap::cells': no se puede obtener acceso al miembro private miembro declarado en la clase 'GameMap'
C:\Users\javie\Documents\UNI\TPV1\Practica3-TPV1\HolaSDL\GameMap.h(16): message : vea la declaración de 'GameMap::cells'
C:\Users\javie\Documents\UNI\TPV1\Practica3-TPV1\HolaSDL\GameMap.h(9): message : vea la declaración de 'GameMap'
C:\Users\javie\Documents\UNI\TPV1\Practica3-TPV1\HolaSDL\PlayState.cpp(301,113): error C2664: 'SmartGhost::SmartGhost(const SmartGhost &)': el argumento 4 no puede convertirse de 'PlayState *' a 'Game *'
C:\Users\javie\Documents\UNI\TPV1\Practica3-TPV1\HolaSDL\PlayState.cpp(301,76): message : Los tipos señalados no están relacionados; la conversión requiere reinterpret_cast, conversión de estilo de C o conversión de estilo de función
C:\Users\javie\Documents\UNI\TPV1\Practica3-TPV1\HolaSDL\SmartGhost.h(22,2): message : vea la declaración de 'SmartGhost::SmartGhost'
C:\Users\javie\Documents\UNI\TPV1\Practica3-TPV1\HolaSDL\PlayState.cpp(308,103): error C2664: 'Ghost::Ghost(const Ghost &)': el argumento 4 no puede convertirse de 'PlayState *' a 'Game *'
C:\Users\javie\Documents\UNI\TPV1\Practica3-TPV1\HolaSDL\PlayState.cpp(308,66): message : Los tipos señalados no están relacionados; la conversión requiere reinterpret_cast, conversión de estilo de C o conversión de estilo de función
C:\Users\javie\Documents\UNI\TPV1\Practica3-TPV1\HolaSDL\Ghost.h(32,2): message : vea la declaración de 'Ghost::Ghost'
  SmartGhost.cpp
C:\Users\javie\Documents\UNI\TPV1\Practica3-TPV1\HolaSDL\PlayState.cpp(326,17): warning C4244: '=': conversión de 'double' a 'int'; posible pérdida de datos
C:\Users\javie\Documents\UNI\TPV1\Practica3-TPV1\HolaSDL\SmartGhost.cpp(41,21): warning C4018: '>': no coinciden signed/unsigned
C:\Users\javie\Documents\UNI\TPV1\Practica3-TPV1\HolaSDL\SmartGhost.cpp(47,21): error C2039: 'FollowPlayer': no es un miembro de 'Game'
C:\Users\javie\Documents\UNI\TPV1\Practica3-TPV1\HolaSDL\Game.h(39): message : vea la declaración de 'Game'
C:\Users\javie\Documents\UNI\TPV1\Practica3-TPV1\HolaSDL\SmartGhost.cpp(69,7): error C2039: 'PacmanCanEat': no es un miembro de 'Game'
C:\Users\javie\Documents\UNI\TPV1\Practica3-TPV1\HolaSDL\Game.h(39): message : vea la declaración de 'Game'
C:\Users\javie\Documents\UNI\TPV1\Practica3-TPV1\HolaSDL\SmartGhost.cpp(83,6): error C2039: 'TryMove': no es un miembro de 'Game'
C:\Users\javie\Documents\UNI\TPV1\Practica3-TPV1\HolaSDL\Game.h(39): message : vea la declaración de 'Game'
C:\Users\javie\Documents\UNI\TPV1\Practica3-TPV1\HolaSDL\SmartGhost.cpp(102,20): warning C4018: '<': no coinciden signed/unsigned
C:\Users\javie\Documents\UNI\TPV1\Practica3-TPV1\HolaSDL\SmartGhost.cpp(103,6): error C2039: 'TryMove': no es un miembro de 'Game'
C:\Users\javie\Documents\UNI\TPV1\Practica3-TPV1\HolaSDL\Game.h(39): message : vea la declaración de 'Game'
C:\Users\javie\Documents\UNI\TPV1\Practica3-TPV1\HolaSDL\SmartGhost.cpp(132,6): error C2039: 'GhostsCollide': no es un miembro de 'Game'
C:\Users\javie\Documents\UNI\TPV1\Practica3-TPV1\HolaSDL\Game.h(39): message : vea la declaración de 'Game'
C:\Users\javie\Documents\UNI\TPV1\Practica3-TPV1\HolaSDL\SmartGhost.cpp(137,22): warning C4018: '>': no coinciden signed/unsigned
C:\Users\javie\Documents\UNI\TPV1\Practica3-TPV1\HolaSDL\SmartGhost.cpp(142,49): warning C4018: '>': no coinciden signed/unsigned
C:\Users\javie\Documents\UNI\TPV1\Practica3-TPV1\HolaSDL\SmartGhost.cpp(143,9): warning C4553: "==": el resultado de la expresión no se usa. ¿Quiso decir "="?
C:\Users\javie\Documents\UNI\TPV1\Practica3-TPV1\HolaSDL\SmartGhost.cpp(145,43): warning C4018: '>': no coinciden signed/unsigned
C:\Users\javie\Documents\UNI\TPV1\Practica3-TPV1\HolaSDL\SmartGhost.cpp(146,19): error C2039: 'EraseGhost': no es un miembro de 'Game'
  Generando código...
C:\Users\javie\Documents\UNI\TPV1\Practica3-TPV1\HolaSDL\Game.h(39): message : vea la declaración de 'Game'
C:\Users\javie\Documents\UNI\TPV1\Practica3-TPV1\HolaSDL\MenuButton.cpp(33): warning C4715: 'MenuButton::handleEvent': no todas las rutas de acceso de control devuelven un valor
C:\Users\javie\Documents\UNI\TPV1\Practica3-TPV1\HolaSDL\EventHandler.cpp(8): error C4716: 'EventHandler::handleEvent': debe devolver un valor
